mode: set
github.com/klebersonromero/hb/internal/ui/ansi.go:52.34,54.2 1 1
github.com/klebersonromero/hb/internal/ui/ansi.go:57.27,58.12 1 1
github.com/klebersonromero/hb/internal/ui/ansi.go:58.12,60.3 1 1
github.com/klebersonromero/hb/internal/ui/ansi.go:61.2,61.37 1 1
github.com/klebersonromero/hb/internal/ui/ansi.go:65.29,66.12 1 1
github.com/klebersonromero/hb/internal/ui/ansi.go:66.12,68.3 1 1
github.com/klebersonromero/hb/internal/ui/ansi.go:69.2,69.37 1 1
github.com/klebersonromero/hb/internal/ui/ansi.go:73.42,75.2 1 1
github.com/klebersonromero/hb/internal/ui/manager.go:35.45,41.2 1 1
github.com/klebersonromero/hb/internal/ui/manager.go:44.45,48.2 3 1
github.com/klebersonromero/hb/internal/ui/manager.go:51.29,52.19 1 1
github.com/klebersonromero/hb/internal/ui/manager.go:52.19,54.3 1 1
github.com/klebersonromero/hb/internal/ui/manager.go:56.2,58.19 3 1
github.com/klebersonromero/hb/internal/ui/manager.go:62.28,63.19 1 1
github.com/klebersonromero/hb/internal/ui/manager.go:63.19,65.3 1 1
github.com/klebersonromero/hb/internal/ui/manager.go:67.2,67.21 1 1
github.com/klebersonromero/hb/internal/ui/manager.go:67.21,69.3 1 1
github.com/klebersonromero/hb/internal/ui/manager.go:70.2,72.34 3 1
github.com/klebersonromero/hb/internal/ui/manager.go:75.34,76.6 1 1
github.com/klebersonromero/hb/internal/ui/manager.go:76.6,77.10 1 1
github.com/klebersonromero/hb/internal/ui/manager.go:78.21,79.14 1 1
github.com/klebersonromero/hb/internal/ui/manager.go:80.21,81.10 1 1
github.com/klebersonromero/hb/internal/ui/manager.go:86.30,92.16 5 1
github.com/klebersonromero/hb/internal/ui/manager.go:92.16,94.3 1 0
github.com/klebersonromero/hb/internal/ui/manager.go:96.2,103.32 5 1
github.com/klebersonromero/hb/internal/ui/manager.go:103.32,104.17 1 1
github.com/klebersonromero/hb/internal/ui/manager.go:104.17,106.4 1 1
github.com/klebersonromero/hb/internal/ui/manager.go:106.9,108.4 1 1
github.com/klebersonromero/hb/internal/ui/manager.go:111.2,112.29 2 1
github.com/klebersonromero/hb/internal/ui/manager.go:112.29,114.3 1 1
github.com/klebersonromero/hb/internal/ui/manager.go:116.2,130.17 5 1
github.com/klebersonromero/hb/internal/ui/manager.go:133.29,134.21 1 1
github.com/klebersonromero/hb/internal/ui/manager.go:134.21,138.3 1 1
github.com/klebersonromero/hb/internal/ui/manager.go:141.35,142.31 1 1
github.com/klebersonromero/hb/internal/ui/manager.go:142.31,144.3 1 0
github.com/klebersonromero/hb/internal/ui/manager.go:145.2,145.14 1 1
github.com/klebersonromero/hb/internal/ui/manager.go:148.44,149.22 1 1
github.com/klebersonromero/hb/internal/ui/manager.go:149.22,151.3 1 1
github.com/klebersonromero/hb/internal/ui/manager.go:152.2,152.16 1 1
github.com/klebersonromero/hb/internal/ui/manager.go:152.16,154.3 1 1
github.com/klebersonromero/hb/internal/ui/manager.go:155.2,155.29 1 1
github.com/klebersonromero/hb/internal/ui/terminal.go:10.39,12.16 2 1
github.com/klebersonromero/hb/internal/ui/terminal.go:12.16,14.3 1 1
github.com/klebersonromero/hb/internal/ui/terminal.go:15.2,15.27 1 0
